c:\users\mada\documents\github\opengl\primitive_drawing - opengl 3.3+ std\primitive_drawing\debug\vc120.pdb
c:\users\mada\documents\github\opengl\primitive_drawing - opengl 3.3+ std\primitive_drawing\debug\vc120.idb
c:\users\mada\documents\github\opengl\primitive_drawing - opengl 3.3+ std\primitive_drawing\debug\applicationmanager.obj
c:\users\mada\documents\github\opengl\primitive_drawing - opengl 3.3+ std\primitive_drawing\debug\camera.obj
c:\users\mada\documents\github\opengl\primitive_drawing - opengl 3.3+ std\primitive_drawing\debug\main.obj
c:\users\mada\documents\github\opengl\primitive_drawing - opengl 3.3+ std\primitive_drawing\debug\modeldata.obj
c:\users\mada\documents\github\opengl\primitive_drawing - opengl 3.3+ std\primitive_drawing\debug\renderer.obj
c:\users\mada\documents\github\opengl\primitive_drawing - opengl 3.3+ std\primitive_drawing\debug\shader.obj
c:\users\mada\documents\github\opengl\primitive_drawing - opengl 3.3+ std\primitive_drawing\debug\shapegenerator.obj
c:\users\mada\documents\github\opengl\primitive_drawing - opengl 3.3+ std\primitive_drawing\debug\texture.obj
c:\users\mada\documents\github\opengl\primitive_drawing - opengl 3.3+ std\primitive_drawing\debug\time.obj
c:\users\mada\documents\github\opengl\primitive_drawing - opengl 3.3+ std\primitive_drawing\debug\transform.obj
c:\users\mada\documents\github\opengl\primitive_drawing - opengl 3.3+ std\primitive_drawing\debug\utility.obj
c:\users\mada\documents\github\opengl\primitive_drawing - opengl 3.3+ std\primitive_drawing\debug\world.obj
c:\users\mada\documents\github\opengl\primitive_drawing - opengl 3.3+ std\primitive_drawing\debug\stb_image.obj
c:\users\mada\documents\github\opengl\primitive_drawing - opengl 3.3+ std\debug\primitive_drawing.pdb
c:\users\mada\documents\github\opengl\primitive_drawing - opengl 3.3+ std\primitive_drawing\debug\primitiv.f9def291.tlog\cl.command.1.tlog
c:\users\mada\documents\github\opengl\primitive_drawing - opengl 3.3+ std\primitive_drawing\debug\primitiv.f9def291.tlog\cl.read.1.tlog
c:\users\mada\documents\github\opengl\primitive_drawing - opengl 3.3+ std\primitive_drawing\debug\primitiv.f9def291.tlog\cl.write.1.tlog
c:\users\mada\documents\github\opengl\primitive_drawing - opengl 3.3+ std\primitive_drawing\debug\primitiv.f9def291.tlog\link.command.1.tlog
c:\users\mada\documents\github\opengl\primitive_drawing - opengl 3.3+ std\primitive_drawing\debug\primitiv.f9def291.tlog\link.read.1.tlog
c:\users\mada\documents\github\opengl\primitive_drawing - opengl 3.3+ std\primitive_drawing\debug\primitiv.f9def291.tlog\link.write.1.tlog
